<?xml version="1.0" encoding="UTF-8"?>
<testng-results ignored="0" total="1" passed="1" failed="0" skipped="0">
  <reporter-output>
  </reporter-output>
  <suite started-at="2022-07-25T23:56:45 IST" name="Default suite" finished-at="2022-07-25T23:56:45 IST" duration-ms="59">
    <groups>
    </groups>
    <test started-at="2022-07-25T23:56:45 IST" name="Default test" finished-at="2022-07-25T23:56:45 IST" duration-ms="59">
      <class name="com.orangeHRM.TestNG">
        <test-method signature="addEmp()[pri:0, instance:com.orangeHRM.TestNG@2d710f1a]" started-at="2022-07-25T23:56:45 IST" name="addEmp" finished-at="2022-07-25T23:56:45 IST" duration-ms="12" status="PASS">
          <reporter-output>
          </reporter-output>
        </test-method> <!-- addEmp -->
      </class> <!-- com.orangeHRM.TestNG -->
    </test> <!-- Default test -->
  </suite> <!-- Default suite -->
</testng-results>
